2022-11-27 22:49:21,562  INFO [main] BaseClass:26 - Logger has been Initialized
 2022-11-27 22:50:24,379  INFO [main] BaseClass:27 - Logger has been Initialized
 2022-11-27 22:50:24,629 DEBUG [main] cache:45 - Couldn't find template in cache for "Extent.ftl"("en_IN", UTF-8, parsed); will try to load it.
 2022-11-27 22:50:24,634 DEBUG [main] cache:45 - TemplateLoader.findTemplateSource("Extent_en_IN.ftl"): Not found
 2022-11-27 22:50:24,639 DEBUG [main] cache:45 - TemplateLoader.findTemplateSource("Extent_en.ftl"): Not found
 2022-11-27 22:50:24,643 DEBUG [main] cache:45 - TemplateLoader.findTemplateSource("Extent.ftl"): Found
 2022-11-27 22:50:24,645 DEBUG [main] cache:45 - Loading template for "Extent.ftl"("en_IN", UTF-8, parsed) from "jar:file:/C:/Users/pcana/.m2/repository/com/relevantcodes/extentreports/2.41.2/extentreports-2.41.2.jar!/com/relevantcodes/extentreports/view/Extent.ftl"
 2022-11-27 22:59:10,055  INFO [main] BaseClass:28 - Logger has been Initialized
 2022-11-27 22:59:10,112 DEBUG [main] cache:45 - Couldn't find template in cache for "Extent.ftl"("en_IN", UTF-8, parsed); will try to load it.
 2022-11-27 22:59:10,113 DEBUG [main] cache:45 - TemplateLoader.findTemplateSource("Extent_en_IN.ftl"): Not found
 2022-11-27 22:59:10,117 DEBUG [main] cache:45 - TemplateLoader.findTemplateSource("Extent_en.ftl"): Not found
 2022-11-27 22:59:10,119 DEBUG [main] cache:45 - TemplateLoader.findTemplateSource("Extent.ftl"): Found
 2022-11-27 22:59:10,120 DEBUG [main] cache:45 - Loading template for "Extent.ftl"("en_IN", UTF-8, parsed) from "jar:file:/C:/Users/pcana/.m2/repository/com/relevantcodes/extentreports/2.41.2/extentreports-2.41.2.jar!/com/relevantcodes/extentreports/view/Extent.ftl"
 2022-11-27 23:01:46,371  INFO [main] BaseClass:28 - Logger has been Initialized
 2022-11-27 23:02:30,601  INFO [main] BaseClass:28 - Logger has been Initialized
 2022-11-27 23:03:34,871  INFO [main] BaseClass:28 - Logger has been Initialized
 2022-11-27 23:03:34,932 DEBUG [main] cache:45 - Couldn't find template in cache for "Extent.ftl"("en_IN", UTF-8, parsed); will try to load it.
 2022-11-27 23:03:34,934 DEBUG [main] cache:45 - TemplateLoader.findTemplateSource("Extent_en_IN.ftl"): Not found
 2022-11-27 23:03:34,937 DEBUG [main] cache:45 - TemplateLoader.findTemplateSource("Extent_en.ftl"): Not found
 2022-11-27 23:03:34,938 DEBUG [main] cache:45 - TemplateLoader.findTemplateSource("Extent.ftl"): Found
 2022-11-27 23:03:34,939 DEBUG [main] cache:45 - Loading template for "Extent.ftl"("en_IN", UTF-8, parsed) from "jar:file:/C:/Users/pcana/.m2/repository/com/relevantcodes/extentreports/2.41.2/extentreports-2.41.2.jar!/com/relevantcodes/extentreports/view/Extent.ftl"
 2022-11-27 23:07:34,283  INFO [main] BaseClass:28 - Logger has been Initialized
 2022-11-27 23:08:55,843  INFO [main] BaseClass:28 - Logger has been Initialized
 2022-11-27 23:10:06,673  INFO [main] BaseClass:28 - Logger has been Initialized
 2022-11-27 23:26:08,922  INFO [main] BaseClass:28 - Logger has been Initialized
 2022-11-27 23:26:08,928  INFO [main] BaseClass:63 - Test has been started
 2022-11-27 23:26:08,949  INFO [main] BaseClass:34 - Test validatiaonhas been started
 2022-11-27 23:26:08,955 ERROR [main] BaseClass:47 - Test has been failed
 2022-11-27 23:27:24,692  INFO [main] BaseClass:28 - Logger has been Initialized
 2022-11-27 23:27:24,697  INFO [main] BaseClass:63 - Test has been started
 2022-11-27 23:27:24,718  INFO [main] BaseClass:34 - Test validatiaonhas been started
 2022-11-27 23:27:24,726 ERROR [main] BaseClass:47 - Test has been failed
 2022-11-27 23:31:57,546  INFO [main] BaseClass:28 - Logger has been Initialized
 2022-11-29 22:37:30,681  INFO [main] BaseClass:35 - Logger has been Initialized
 2022-11-29 22:47:24,188  INFO [main] BaseClass:35 - Logger has been Initialized
 2022-11-29 23:06:27,110  INFO [main] BaseClass:35 - Logger has been Initialized
 2022-11-29 23:07:04,352  INFO [main] BaseClass:35 - Logger has been Initialized
 2022-11-29 23:08:41,185  INFO [main] BaseClass:35 - Logger has been Initialized
 2022-11-29 23:10:01,840  INFO [main] BaseClass:35 - Logger has been Initialized
 2022-11-29 23:13:14,969  INFO [main] BaseClass:35 - Logger has been Initialized
 2022-11-29 23:14:43,491  INFO [main] BaseClass:35 - Logger has been Initialized
 2022-11-29 23:19:32,424  INFO [main] BaseClass:35 - Logger has been Initialized
 2022-11-29 23:21:53,704  INFO [main] BaseClass:35 - Logger has been Initialized
 2022-11-29 23:23:21,667  INFO [main] BaseClass:35 - Logger has been Initialized
 2022-11-29 23:23:33,816  INFO [main] BaseClass:35 - Logger has been Initialized
 2022-11-29 23:25:09,038  INFO [main] BaseClass:35 - Logger has been Initialized
 2022-11-29 23:27:22,391  INFO [main] BaseClass:35 - Logger has been Initialized
 2022-11-29 23:27:49,996  INFO [main] BaseClass:35 - Logger has been Initialized
 2022-11-30 20:11:36,581  INFO [main] BaseClass:35 - Logger has been Initialized
 2022-11-30 20:12:10,667  INFO [main] BaseClass:35 - Logger has been Initialized
 2022-11-30 20:12:23,073  INFO [main] BaseClass:35 - Logger has been Initialized
 2022-11-30 20:13:49,280  INFO [main] BaseClass:35 - Logger has been Initialized
 2022-11-30 20:14:05,835  INFO [main] BaseClass:35 - Logger has been Initialized
 2022-11-30 20:14:16,604  INFO [main] BaseClass:35 - Logger has been Initialized
 2022-11-30 20:17:57,556  INFO [main] BaseClass:35 - Logger has been Initialized
 2022-11-30 20:18:17,958  INFO [main] BaseClass:35 - Logger has been Initialized
 2022-11-30 20:19:26,961  INFO [main] BaseClass:35 - Logger has been Initialized
 2022-11-30 20:19:58,661  INFO [main] BaseClass:35 - Logger has been Initialized
 2022-11-30 20:20:33,212  INFO [main] BaseClass:35 - Logger has been Initialized
 2022-11-30 20:23:03,461  INFO [main] BaseClass:35 - Logger has been Initialized
 2022-11-30 20:29:34,864  INFO [main] BaseClass:35 - Logger has been Initialized
 2022-11-30 20:33:39,824  INFO [main] BaseClass:35 - Logger has been Initialized
 2022-11-30 22:05:11,508  INFO [main] BaseClass:35 - Logger has been Initialized
 2022-11-30 22:05:55,195  INFO [main] BaseClass:35 - Logger has been Initialized
 2022-11-30 22:05:55,205  INFO [main] BaseClass:91 - Test has been started
 2022-11-30 22:05:55,228  INFO [main] BaseClass:62 - Test has been started
 2022-11-30 22:05:56,857  INFO [main] BaseClass:68 - Completed Test Sucessfully
 2022-11-30 22:05:56,868  INFO [main] BaseClass:62 - Test has been started
 2022-11-30 22:05:57,156  INFO [main] BaseClass:68 - Completed Test Sucessfully
 2022-11-30 22:06:58,105  INFO [main] BaseClass:35 - Logger has been Initialized
 2022-11-30 22:06:58,111  INFO [main] BaseClass:91 - Test has been started
 2022-11-30 22:06:58,136  INFO [main] BaseClass:62 - keeperValidationTest has been started
 2022-11-30 22:06:59,689  INFO [main] BaseClass:68 - Completed Test Sucessfully
 2022-11-30 22:06:59,695  INFO [main] BaseClass:62 - overseasplayerValidationTest has been started
 2022-11-30 22:06:59,858  INFO [main] BaseClass:68 - Completed Test Sucessfully
 2022-11-30 22:07:36,132  INFO [main] BaseClass:35 - Logger has been Initialized
 2022-11-30 22:07:36,160  INFO [main] BaseClass:62 - keeperValidationTest has been started
 2022-11-30 22:07:37,643  INFO [main] BaseClass:68 - Completed Test Sucessfully
 2022-11-30 22:07:37,652  INFO [main] BaseClass:62 - overseasplayerValidationTest has been started
 2022-11-30 22:07:37,856  INFO [main] BaseClass:68 - Completed Test Sucessfully
 